{"C:\\Users\\CHAMSOU\\Desktop\\toDoWithJs\\index.js": {"path":"C:\\Users\\CHAMSOU\\Desktop\\toDoWithJs\\index.js","statementMap":{"0":{"start":{"line":1,"column":12},"end":{"line":1,"column":56}},"1":{"start":{"line":2,"column":10},"end":{"line":2,"column":42}},"2":{"start":{"line":3,"column":9},"end":{"line":3,"column":45}},"3":{"start":{"line":4,"column":10},"end":{"line":4,"column":55}},"4":{"start":{"line":5,"column":0},"end":{"line":5,"column":17}},"5":{"start":{"line":16,"column":0},"end":{"line":27,"column":3}},"6":{"start":{"line":17,"column":2},"end":{"line":26,"column":3}},"7":{"start":{"line":21,"column":4},"end":{"line":21,"column":61}},"8":{"start":{"line":24,"column":4},"end":{"line":24,"column":56}},"9":{"start":{"line":25,"column":4},"end":{"line":25,"column":21}},"10":{"start":{"line":30,"column":2},"end":{"line":30,"column":20}},"11":{"start":{"line":31,"column":2},"end":{"line":100,"column":5}},"12":{"start":{"line":32,"column":16},"end":{"line":32,"column":43}},"13":{"start":{"line":33,"column":15},"end":{"line":33,"column":42}},"14":{"start":{"line":34,"column":14},"end":{"line":34,"column":43}},"15":{"start":{"line":35,"column":19},"end":{"line":35,"column":47}},"16":{"start":{"line":37,"column":4},"end":{"line":37,"column":35}},"17":{"start":{"line":38,"column":4},"end":{"line":38,"column":48}},"18":{"start":{"line":39,"column":4},"end":{"line":39,"column":45}},"19":{"start":{"line":41,"column":4},"end":{"line":41,"column":32}},"20":{"start":{"line":42,"column":4},"end":{"line":42,"column":29}},"21":{"start":{"line":44,"column":4},"end":{"line":44,"column":30}},"22":{"start":{"line":45,"column":4},"end":{"line":45,"column":27}},"23":{"start":{"line":46,"column":4},"end":{"line":46,"column":26}},"24":{"start":{"line":47,"column":4},"end":{"line":47,"column":24}},"25":{"start":{"line":48,"column":4},"end":{"line":48,"column":53}},"26":{"start":{"line":51,"column":4},"end":{"line":55,"column":7}},"27":{"start":{"line":52,"column":6},"end":{"line":52,"column":55}},"28":{"start":{"line":52,"column":30},"end":{"line":52,"column":53}},"29":{"start":{"line":53,"column":6},"end":{"line":53,"column":55}},"30":{"start":{"line":54,"column":6},"end":{"line":54,"column":19}},"31":{"start":{"line":58,"column":4},"end":{"line":99,"column":7}},"32":{"start":{"line":59,"column":20},"end":{"line":59,"column":51}},"33":{"start":{"line":60,"column":6},"end":{"line":60,"column":45}},"34":{"start":{"line":61,"column":6},"end":{"line":61,"column":43}},"35":{"start":{"line":62,"column":6},"end":{"line":62,"column":31}},"36":{"start":{"line":64,"column":20},"end":{"line":64,"column":52}},"37":{"start":{"line":65,"column":6},"end":{"line":65,"column":31}},"38":{"start":{"line":66,"column":6},"end":{"line":66,"column":52}},"39":{"start":{"line":67,"column":6},"end":{"line":67,"column":35}},"40":{"start":{"line":69,"column":6},"end":{"line":69,"column":43}},"41":{"start":{"line":71,"column":6},"end":{"line":71,"column":34}},"42":{"start":{"line":72,"column":6},"end":{"line":72,"column":35}},"43":{"start":{"line":73,"column":6},"end":{"line":73,"column":44}},"44":{"start":{"line":74,"column":6},"end":{"line":74,"column":47}},"45":{"start":{"line":76,"column":6},"end":{"line":76,"column":40}},"46":{"start":{"line":77,"column":6},"end":{"line":77,"column":36}},"47":{"start":{"line":79,"column":6},"end":{"line":98,"column":9}},"48":{"start":{"line":80,"column":26},"end":{"line":80,"column":39}},"49":{"start":{"line":81,"column":20},"end":{"line":81,"column":37}},"50":{"start":{"line":82,"column":8},"end":{"line":85,"column":9}},"51":{"start":{"line":83,"column":10},"end":{"line":83,"column":35}},"52":{"start":{"line":84,"column":10},"end":{"line":84,"column":59}},"53":{"start":{"line":87,"column":8},"end":{"line":87,"column":25}},"54":{"start":{"line":88,"column":8},"end":{"line":88,"column":25}},"55":{"start":{"line":89,"column":8},"end":{"line":89,"column":36}},"56":{"start":{"line":90,"column":8},"end":{"line":90,"column":37}},"57":{"start":{"line":91,"column":8},"end":{"line":91,"column":43}},"58":{"start":{"line":92,"column":8},"end":{"line":92,"column":52}},"59":{"start":{"line":93,"column":8},"end":{"line":93,"column":48}},"60":{"start":{"line":94,"column":8},"end":{"line":94,"column":49}},"61":{"start":{"line":96,"column":8},"end":{"line":96,"column":41}},"62":{"start":{"line":97,"column":8},"end":{"line":97,"column":39}}},"fnMap":{"0":{"name":"(anonymous_0)","decl":{"start":{"line":16,"column":30},"end":{"line":16,"column":31}},"loc":{"start":{"line":16,"column":42},"end":{"line":27,"column":1}},"line":16},"1":{"name":"renderElements","decl":{"start":{"line":29,"column":9},"end":{"line":29,"column":23}},"loc":{"start":{"line":29,"column":26},"end":{"line":101,"column":1}},"line":29},"2":{"name":"(anonymous_2)","decl":{"start":{"line":31,"column":14},"end":{"line":31,"column":15}},"loc":{"start":{"line":31,"column":24},"end":{"line":100,"column":3}},"line":31},"3":{"name":"(anonymous_3)","decl":{"start":{"line":51,"column":36},"end":{"line":51,"column":37}},"loc":{"start":{"line":51,"column":48},"end":{"line":55,"column":5}},"line":51},"4":{"name":"(anonymous_4)","decl":{"start":{"line":52,"column":23},"end":{"line":52,"column":24}},"loc":{"start":{"line":52,"column":30},"end":{"line":52,"column":53}},"line":52},"5":{"name":"(anonymous_5)","decl":{"start":{"line":58,"column":35},"end":{"line":58,"column":36}},"loc":{"start":{"line":58,"column":47},"end":{"line":99,"column":5}},"line":58},"6":{"name":"(anonymous_6)","decl":{"start":{"line":79,"column":40},"end":{"line":79,"column":41}},"loc":{"start":{"line":79,"column":52},"end":{"line":98,"column":7}},"line":79}},"branchMap":{"0":{"loc":{"start":{"line":4,"column":10},"end":{"line":4,"column":55}},"type":"binary-expr","locations":[{"start":{"line":4,"column":10},"end":{"line":4,"column":49}},{"start":{"line":4,"column":53},"end":{"line":4,"column":55}}],"line":4},"1":{"loc":{"start":{"line":17,"column":2},"end":{"line":26,"column":3}},"type":"if","locations":[{"start":{"line":17,"column":2},"end":{"line":26,"column":3}},{"start":{},"end":{}}],"line":17},"2":{"loc":{"start":{"line":82,"column":8},"end":{"line":85,"column":9}},"type":"if","locations":[{"start":{"line":82,"column":8},"end":{"line":85,"column":9}},{"start":{},"end":{}}],"line":82}},"s":{"0":1,"1":1,"2":1,"3":1,"4":1,"5":1,"6":1,"7":1,"8":1,"9":1,"10":2,"11":2,"12":1,"13":1,"14":1,"15":1,"16":1,"17":1,"18":1,"19":1,"20":1,"21":1,"22":1,"23":1,"24":1,"25":1,"26":1,"27":0,"28":0,"29":0,"30":0,"31":1,"32":0,"33":0,"34":0,"35":0,"36":0,"37":0,"38":0,"39":0,"40":0,"41":0,"42":0,"43":0,"44":0,"45":0,"46":0,"47":0,"48":0,"49":0,"50":0,"51":0,"52":0,"53":0,"54":0,"55":0,"56":0,"57":0,"58":0,"59":0,"60":0,"61":0,"62":0},"f":{"0":1,"1":2,"2":1,"3":0,"4":0,"5":0,"6":0},"b":{"0":[1,1],"1":[1,0],"2":[0,0]},"_coverageSchema":"1a1c01bbd47fc00a2c39e90264f33305004495a9","hash":"241fbe950207e0dc1a8a2959104c091378cbc5d5"}
}
