TN:
SF:index.js
FN:7,(anonymous_0)
FN:17,(anonymous_1)
FN:30,renderElements
FN:32,(anonymous_3)
FN:52,(anonymous_4)
FN:53,(anonymous_5)
FN:59,(anonymous_6)
FN:80,(anonymous_7)
FNF:8
FNH:3
FNDA:0,(anonymous_0)
FNDA:1,(anonymous_1)
FNDA:2,renderElements
FNDA:1,(anonymous_3)
FNDA:0,(anonymous_4)
FNDA:0,(anonymous_5)
FNDA:0,(anonymous_6)
FNDA:0,(anonymous_7)
DA:1,1
DA:2,1
DA:3,1
DA:4,1
DA:5,1
DA:7,1
DA:8,0
DA:10,0
DA:17,1
DA:18,1
DA:22,1
DA:25,1
DA:26,1
DA:31,2
DA:32,2
DA:33,1
DA:34,1
DA:35,1
DA:36,1
DA:38,1
DA:39,1
DA:40,1
DA:42,1
DA:43,1
DA:45,1
DA:46,1
DA:47,1
DA:48,1
DA:49,1
DA:52,1
DA:53,0
DA:54,0
DA:55,0
DA:59,1
DA:60,0
DA:61,0
DA:62,0
DA:63,0
DA:65,0
DA:66,0
DA:67,0
DA:68,0
DA:70,0
DA:72,0
DA:73,0
DA:74,0
DA:75,0
DA:77,0
DA:78,0
DA:80,0
DA:81,0
DA:82,0
DA:83,0
DA:84,0
DA:85,0
DA:88,0
DA:89,0
DA:90,0
DA:91,0
DA:92,0
DA:93,0
DA:94,0
DA:95,0
DA:97,0
DA:98,0
LF:65
LH:29
BRDA:4,0,0,1
BRDA:4,0,1,1
BRDA:18,1,0,1
BRDA:18,1,1,0
BRDA:83,2,0,0
BRDA:83,2,1,0
BRF:6
BRH:3
end_of_record
